# JRE version: OpenJDK Runtime Environment Corretto-11.0.8.10.1 (11.0.8+10) (build 11.0.8+10-LTS)
# Java VM: OpenJDK 64-Bit Server VM Corretto-11.0.8.10.1 (11.0.8+10-LTS, mixed mode, tiered, compressed oops, g1 gc, linux-amd64)
Heap:
 garbage-first heap   total 262144K, used 136065K [0x00000000e0000000, 0x0000000100000000)
  region size 1024K, 62 young (63488K), 0 survivors (0K)
 Metaspace       used 88999K, capacity 91665K, committed 92080K, reserved 335872K
  class space    used 11000K, capacity 11920K, committed 12032K, reserved 253952K
GC Heap History (20 events):
Event: 31.464 GC heap after
{Heap after GC invocations=34 (full 0):
 garbage-first heap   total 262144K, used 64889K [0x00000000e0000000, 0x0000000100000000)
  region size 1024K, 2 young (2048K), 2 survivors (2048K)
 Metaspace       used 58444K, capacity 59848K, committed 60336K, reserved 307200K
  class space    used 7092K, capacity 7543K, committed 7680K, reserved 253952K
}
Event: 31.953 GC heap before
{Heap before GC invocations=34 (full 0):
 garbage-first heap   total 262144K, used 160121K [0x00000000e0000000, 0x0000000100000000)
  region size 1024K, 93 young (95232K), 2 survivors (2048K)
 Metaspace       used 63946K, capacity 65545K, committed 65712K, reserved 311296K
  class space    used 7830K, capacity 8368K, committed 8448K, reserved 253952K
}
Event: 31.963 GC heap after
{Heap after GC invocations=35 (full 0):
 garbage-first heap   total 262144K, used 74145K [0x00000000e0000000, 0x0000000100000000)
  region size 1024K, 9 young (9216K), 9 survivors (9216K)
 Metaspace       used 63946K, capacity 65545K, committed 65712K, reserved 311296K
  class space    used 7830K, capacity 8368K, committed 8448K, reserved 253952K
}
Event: 32.416 GC heap before
{Heap before GC invocations=35 (full 0):
 garbage-first heap   total 262144K, used 169377K [0x00000000e0000000, 0x0000000100000000)
  region size 1024K, 102 young (104448K), 9 survivors (9216K)
 Metaspace       used 68671K, capacity 70321K, committed 70448K, reserved 315392K
  class space    used 8550K, capacity 9087K, committed 9088K, reserved 253952K
}
Event: 32.423 GC heap after
{Heap after GC invocations=36 (full 0):
 garbage-first heap   total 262144K, used 80523K [0x00000000e0000000, 0x0000000100000000)
  region size 1024K, 7 young (7168K), 7 survivors (7168K)
 Metaspace       used 68671K, capacity 70321K, committed 70448K, reserved 315392K
  class space    used 8550K, capacity 9087K, committed 9088K, reserved 253952K
}
Event: 42.792 GC heap before
{Heap before GC invocations=36 (full 0):
 garbage-first heap   total 262144K, used 177803K [0x00000000e0000000, 0x0000000100000000)
  region size 1024K, 103 young (105472K), 7 survivors (7168K)
 Metaspace       used 71864K, capacity 73646K, committed 73776K, reserved 319488K
  class space    used 8955K, capacity 9544K, committed 9600K, reserved 253952K
}
Event: 42.799 GC heap after
{Heap after GC invocations=37 (full 0):
 garbage-first heap   total 262144K, used 84108K [0x00000000e0000000, 0x0000000100000000)
  region size 1024K, 11 young (11264K), 11 survivors (11264K)
 Metaspace       used 71864K, capacity 73646K, committed 73776K, reserved 319488K
  class space    used 8955K, capacity 9544K, committed 9600K, reserved 253952K
}
Event: 51.749 GC heap before
{Heap before GC invocations=37 (full 0):
 garbage-first heap   total 262144K, used 184460K [0x00000000e0000000, 0x0000000100000000)
  region size 1024K, 110 young (112640K), 11 survivors (11264K)
 Metaspace       used 76296K, capacity 78114K, committed 78384K, reserved 323584K
  class space    used 9480K, capacity 10065K, committed 10112K, reserved 253952K
}
Event: 51.756 GC heap after
{Heap after GC invocations=38 (full 0):
 garbage-first heap   total 262144K, used 87103K [0x00000000e0000000, 0x0000000100000000)
  region size 1024K, 7 young (7168K), 7 survivors (7168K)
 Metaspace       used 76296K, capacity 78114K, committed 78384K, reserved 323584K
  class space    used 9480K, capacity 10065K, committed 10112K, reserved 253952K
}
Event: 127.660 GC heap before
{Heap before GC invocations=38 (full 0):
 garbage-first heap   total 262144K, used 192575K [0x00000000e0000000, 0x0000000100000000)
  region size 1024K, 110 young (112640K), 7 survivors (7168K)
 Metaspace       used 78909K, capacity 80761K, committed 81072K, reserved 325632K
  class space    used 9740K, capacity 10382K, committed 10496K, reserved 253952K
}
Event: 127.666 GC heap after
{Heap after GC invocations=39 (full 0):
 garbage-first heap   total 262144K, used 92539K [0x00000000e0000000, 0x0000000100000000)
  region size 1024K, 12 young (12288K), 12 survivors (12288K)
 Metaspace       used 78909K, capacity 80761K, committed 81072K, reserved 325632K
  class space    used 9740K, capacity 10382K, committed 10496K, reserved 253952K
}
Event: 171.071 GC heap before
{Heap before GC invocations=39 (full 0):
 garbage-first heap   total 262144K, used 198011K [0x00000000e0000000, 0x0000000100000000)
  region size 1024K, 115 young (117760K), 12 survivors (12288K)
 Metaspace       used 83460K, capacity 85634K, committed 85808K, reserved 329728K
  class space    used 10283K, capacity 11031K, committed 11136K, reserved 253952K
}
Event: 171.080 GC heap after
{Heap after GC invocations=40 (full 0):
 garbage-first heap   total 262144K, used 96955K [0x00000000e0000000, 0x0000000100000000)
  region size 1024K, 11 young (11264K), 11 survivors (11264K)
 Metaspace       used 83460K, capacity 85634K, committed 85808K, reserved 329728K
  class space    used 10283K, capacity 11031K, committed 11136K, reserved 253952K
}
Event: 171.782 GC heap before
{Heap before GC invocations=40 (full 0):
 garbage-first heap   total 262144K, used 201403K [0x00000000e0000000, 0x0000000100000000)
  region size 1024K, 114 young (116736K), 11 survivors (11264K)
 Metaspace       used 85974K, capacity 88259K, committed 88496K, reserved 331776K
  class space    used 10685K, capacity 11458K, committed 11520K, reserved 253952K
}
Event: 171.803 GC heap after
{Heap after GC invocations=41 (full 0):
 garbage-first heap   total 262144K, used 98808K [0x00000000e0000000, 0x0000000100000000)
  region size 1024K, 7 young (7168K), 7 survivors (7168K)
 Metaspace       used 85974K, capacity 88259K, committed 88496K, reserved 331776K
  class space    used 10685K, capacity 11458K, committed 11520K, reserved 253952K
}
Event: 515.435 GC heap before
{Heap before GC invocations=41 (full 0):
 garbage-first heap   total 262144K, used 206328K [0x00000000e0000000, 0x0000000100000000)
  region size 1024K, 113 young (115712K), 7 survivors (7168K)
 Metaspace       used 88762K, capacity 91508K, committed 91824K, reserved 333824K
  class space    used 11023K, capacity 11958K, committed 12032K, reserved 253952K
}
Event: 515.440 GC heap after
{Heap after GC invocations=42 (full 0):
 garbage-first heap   total 262144K, used 98760K [0x00000000e0000000, 0x0000000100000000)
  region size 1024K, 7 young (7168K), 7 survivors (7168K)
 Metaspace       used 88762K, capacity 91508K, committed 91824K, reserved 333824K
  class space    used 11023K, capacity 11958K, committed 12032K, reserved 253952K
}
Event: 4115.441 GC heap before
{Heap before GC invocations=42 (full 0):
 garbage-first heap   total 262144K, used 188872K [0x00000000e0000000, 0x0000000100000000)
  region size 1024K, 97 young (99328K), 7 survivors (7168K)
 Metaspace       used 89049K, capacity 91779K, committed 92080K, reserved 335872K
  class space    used 11033K, capacity 11975K, committed 12032K, reserved 253952K
}
Event: 4115.494 GC heap after
{Heap after GC invocations=43 (full 1):
 garbage-first heap   total 262144K, used 73016K [0x00000000e0000000, 0x0000000100000000)
  region size 1024K, 0 young (0K), 0 survivors (0K)
 Metaspace       used 88846K, capacity 91473K, committed 92080K, reserved 335872K
  class space    used 10979K, capacity 11881K, committed 12032K, reserved 253952K
}
Event: 6160.700 GC heap before
{Heap before GC invocations=43 (full 1):
 garbage-first heap   total 262144K, used 135480K [0x00000000e0000000, 0x0000000100000000)
  region size 1024K, 62 young (63488K), 0 survivors (0K)
 Metaspace       used 88999K, capacity 91665K, committed 92080K, reserved 335872K
  class space    used 11000K, capacity 11920K, committed 12032K, reserved 253952K
}

